15:31:34:263  INFO 50528 --- [main] com.hmall.HMallApplication               : Starting HMallApplication using Java 21.0.8 on WangLin with PID 50528 (E:\资料\微服务\SpringCloud微服务—资料\day03-微服务01\资料\hmall\hm-service\target\classes started by 20588 in E:\资料\微服务\SpringCloud微服务—资料\day03-微服务01\资料\hmall)
15:31:34:269 DEBUG 50528 --- [main] com.hmall.HMallApplication               : Running with Spring Boot v2.7.12, Spring v5.3.27
15:31:34:270  INFO 50528 --- [main] com.hmall.HMallApplication               : The following 1 profile is active: "local"
15:31:35:244  INFO 50528 --- [main] .s.d.r.c.RepositoryConfigurationDelegate : Multiple Spring Data modules found, entering strict repository configuration mode
15:31:35:247  INFO 50528 --- [main] .s.d.r.c.RepositoryConfigurationDelegate : Bootstrapping Spring Data Redis repositories in DEFAULT mode.
15:31:35:284  INFO 50528 --- [main] .s.d.r.c.RepositoryConfigurationDelegate : Finished Spring Data repository scanning in 16 ms. Found 0 Redis repository interfaces.
15:31:36:055  INFO 50528 --- [main] o.s.b.w.embedded.tomcat.TomcatWebServer  : Tomcat initialized with port(s): 8080 (http)
15:31:36:073  INFO 50528 --- [main] o.apache.catalina.core.StandardService   : Starting service [Tomcat]
15:31:36:074  INFO 50528 --- [main] org.apache.catalina.core.StandardEngine  : Starting Servlet engine: [Apache Tomcat/9.0.75]
15:31:36:262  INFO 50528 --- [main] o.a.c.c.C.[Tomcat].[localhost].[/]       : Initializing Spring embedded WebApplicationContext
15:31:36:262  INFO 50528 --- [main] w.s.c.ServletWebServerApplicationContext : Root WebApplicationContext: initialization completed in 1953 ms
15:31:38:728  INFO 50528 --- [main] pertySourcedRequestMappingHandlerMapping : Mapped URL path [/v2/api-docs] onto method [springfox.documentation.swagger2.web.Swagger2ControllerWebMvc#getDocumentation(String, HttpServletRequest)]
15:31:39:518  INFO 50528 --- [main] o.s.b.w.embedded.tomcat.TomcatWebServer  : Tomcat started on port(s): 8080 (http) with context path ''
15:31:39:519  INFO 50528 --- [main] d.s.w.p.DocumentationPluginsBootstrapper : Documentation plugins bootstrapped
15:31:39:523  INFO 50528 --- [main] d.s.w.p.DocumentationPluginsBootstrapper : Found 1 custom documentation plugin(s)
15:31:39:581  INFO 50528 --- [main] s.d.s.w.s.ApiListingReferenceScanner     : Scanning for api listing references
15:31:39:850  INFO 50528 --- [main] com.hmall.HMallApplication               : Started HMallApplication in 5.949 seconds (JVM running for 13.183)
15:40:41:303  INFO 6756 --- [main] com.hmall.HMallApplication               : Starting HMallApplication using Java 21.0.8 on WangLin with PID 6756 (E:\资料\微服务\SpringCloud微服务—资料\day03-微服务01\资料\hmall\hm-service\target\classes started by 20588 in E:\资料\微服务\SpringCloud微服务—资料\day03-微服务01\资料\hmall)
15:40:41:305 DEBUG 6756 --- [main] com.hmall.HMallApplication               : Running with Spring Boot v2.7.12, Spring v5.3.27
15:40:41:305  INFO 6756 --- [main] com.hmall.HMallApplication               : The following 1 profile is active: "local"
15:40:41:880  INFO 6756 --- [main] .s.d.r.c.RepositoryConfigurationDelegate : Multiple Spring Data modules found, entering strict repository configuration mode
15:40:41:882  INFO 6756 --- [main] .s.d.r.c.RepositoryConfigurationDelegate : Bootstrapping Spring Data Redis repositories in DEFAULT mode.
15:40:41:902  INFO 6756 --- [main] .s.d.r.c.RepositoryConfigurationDelegate : Finished Spring Data repository scanning in 10 ms. Found 0 Redis repository interfaces.
15:40:42:355  INFO 6756 --- [main] o.s.b.w.embedded.tomcat.TomcatWebServer  : Tomcat initialized with port(s): 8080 (http)
15:40:42:362  INFO 6756 --- [main] o.apache.catalina.core.StandardService   : Starting service [Tomcat]
15:40:42:362  INFO 6756 --- [main] org.apache.catalina.core.StandardEngine  : Starting Servlet engine: [Apache Tomcat/9.0.75]
15:40:42:444  INFO 6756 --- [main] o.a.c.c.C.[Tomcat].[localhost].[/]       : Initializing Spring embedded WebApplicationContext
15:40:42:445  INFO 6756 --- [main] w.s.c.ServletWebServerApplicationContext : Root WebApplicationContext: initialization completed in 1103 ms
15:40:43:676  INFO 6756 --- [main] pertySourcedRequestMappingHandlerMapping : Mapped URL path [/v2/api-docs] onto method [springfox.documentation.swagger2.web.Swagger2ControllerWebMvc#getDocumentation(String, HttpServletRequest)]
15:40:44:153  INFO 6756 --- [main] o.s.b.w.embedded.tomcat.TomcatWebServer  : Tomcat started on port(s): 8080 (http) with context path ''
15:40:44:154  INFO 6756 --- [main] d.s.w.p.DocumentationPluginsBootstrapper : Documentation plugins bootstrapped
15:40:44:157  INFO 6756 --- [main] d.s.w.p.DocumentationPluginsBootstrapper : Found 1 custom documentation plugin(s)
15:40:44:190  INFO 6756 --- [main] s.d.s.w.s.ApiListingReferenceScanner     : Scanning for api listing references
15:40:44:411  INFO 6756 --- [main] com.hmall.HMallApplication               : Started HMallApplication in 3.486 seconds (JVM running for 3.963)
