10:57:12:918  INFO 50644 --- [main] com.hmall.cart.CartApplication           : Starting CartApplication using Java 21.0.8 on WangLin with PID 50644 (E:\资料\微服务\SpringCloud微服务—资料\day03-微服务01\资料\hmall\cart-service\target\classes started by 20588 in E:\资料\微服务\SpringCloud微服务—资料\day03-微服务01\资料\hmall)
10:57:12:922  INFO 50644 --- [main] com.hmall.cart.CartApplication           : The following 1 profile is active: "local"
10:57:14:053  INFO 50644 --- [main] o.s.cloud.context.scope.GenericScope     : BeanFactory id=e0848ba0-a8e0-38d8-89ac-30d375a3c8fe
10:57:14:574  INFO 50644 --- [main] o.s.b.w.embedded.tomcat.TomcatWebServer  : Tomcat initialized with port(s): 8082 (http)
10:57:14:583  INFO 50644 --- [main] o.apache.catalina.core.StandardService   : Starting service [Tomcat]
10:57:14:583  INFO 50644 --- [main] org.apache.catalina.core.StandardEngine  : Starting Servlet engine: [Apache Tomcat/9.0.75]
10:57:14:706  INFO 50644 --- [main] o.a.c.c.C.[Tomcat].[localhost].[/]       : Initializing Spring embedded WebApplicationContext
10:57:14:707  INFO 50644 --- [main] w.s.c.ServletWebServerApplicationContext : Root WebApplicationContext: initialization completed in 1738 ms
10:57:14:943  INFO 50644 --- [main] o.s.c.openfeign.FeignClientFactoryBean   : For 'item-service' URL not provided. Will try picking an instance via load-balancing.
10:57:17:124  INFO 50644 --- [main] o.s.cloud.commons.util.InetUtils         : Cannot determine local hostname
10:57:17:149  INFO 50644 --- [main] pertySourcedRequestMappingHandlerMapping : Mapped URL path [/v2/api-docs] onto method [springfox.documentation.swagger2.web.Swagger2ControllerWebMvc#getDocumentation(String, HttpServletRequest)]
10:57:18:206  INFO 50644 --- [main] o.s.cloud.commons.util.InetUtils         : Cannot determine local hostname
10:57:18:344  INFO 50644 --- [main] com.alibaba.nacos.common.remote.client   : [RpcClientFactory] create a new rpc client of 611dacae-bd3e-461c-9942-eedd0ec316f6
10:57:18:383  INFO 50644 --- [main] org.reflections.Reflections              : Reflections took 18 ms to scan 1 urls, producing 3 keys and 6 values 
10:57:18:400  INFO 50644 --- [main] org.reflections.Reflections              : Reflections took 6 ms to scan 1 urls, producing 4 keys and 9 values 
10:57:18:412  INFO 50644 --- [main] org.reflections.Reflections              : Reflections took 10 ms to scan 1 urls, producing 3 keys and 10 values 
10:57:18:413  WARN 50644 --- [main] org.reflections.Reflections              : given scan urls are empty. set urls in the configuration
10:57:18:419  INFO 50644 --- [main] org.reflections.Reflections              : Reflections took 4 ms to scan 1 urls, producing 1 keys and 5 values 
10:57:18:426  INFO 50644 --- [main] org.reflections.Reflections              : Reflections took 6 ms to scan 1 urls, producing 1 keys and 7 values 
10:57:18:432  INFO 50644 --- [main] org.reflections.Reflections              : Reflections took 5 ms to scan 1 urls, producing 2 keys and 8 values 
10:57:18:433  WARN 50644 --- [main] org.reflections.Reflections              : given scan urls are empty. set urls in the configuration
10:57:18:434  INFO 50644 --- [main] com.alibaba.nacos.common.remote.client   : [611dacae-bd3e-461c-9942-eedd0ec316f6] RpcClient init label, labels = {module=naming, source=sdk}
10:57:18:436  INFO 50644 --- [main] com.alibaba.nacos.common.remote.client   : [611dacae-bd3e-461c-9942-eedd0ec316f6] RpcClient init, ServerListFactory = com.alibaba.nacos.client.naming.core.ServerListManager
10:57:18:436  INFO 50644 --- [main] com.alibaba.nacos.common.remote.client   : [611dacae-bd3e-461c-9942-eedd0ec316f6] Registry connection listener to current client:com.alibaba.nacos.client.naming.remote.gprc.redo.NamingGrpcRedoService
10:57:18:436  INFO 50644 --- [main] com.alibaba.nacos.common.remote.client   : [611dacae-bd3e-461c-9942-eedd0ec316f6] Register server push request handler:com.alibaba.nacos.client.naming.remote.gprc.NamingPushRequestHandler
10:57:18:438  INFO 50644 --- [main] com.alibaba.nacos.common.remote.client   : [611dacae-bd3e-461c-9942-eedd0ec316f6] Try to connect to server on start up, server: {serverIp = '121.40.241.29', server main port = 8848}
10:57:19:133  INFO 50644 --- [main] com.alibaba.nacos.common.remote.client   : [611dacae-bd3e-461c-9942-eedd0ec316f6] Success to connect to server [121.40.241.29:8848] on start up, connectionId = 1762311439096_222.244.139.219_36002
10:57:19:133  INFO 50644 --- [com.alibaba.nacos.client.remote.worker] com.alibaba.nacos.common.remote.client   : [611dacae-bd3e-461c-9942-eedd0ec316f6] Notify connected event to listeners.
10:57:19:133  INFO 50644 --- [main] com.alibaba.nacos.common.remote.client   : [611dacae-bd3e-461c-9942-eedd0ec316f6] Register server push request handler:com.alibaba.nacos.common.remote.client.RpcClient$ConnectResetRequestHandler
10:57:19:135  INFO 50644 --- [main] com.alibaba.nacos.common.remote.client   : [611dacae-bd3e-461c-9942-eedd0ec316f6] Register server push request handler:com.alibaba.nacos.common.remote.client.RpcClient$$Lambda/0x0000022f8e7e5368
10:57:19:223  INFO 50644 --- [main] o.s.b.w.embedded.tomcat.TomcatWebServer  : Tomcat started on port(s): 8082 (http) with context path ''
10:57:19:257  INFO 50644 --- [main] c.a.c.n.registry.NacosServiceRegistry    : nacos registry, DEFAULT_GROUP cart-service 192.168.80.1:8082 register finished
10:57:19:718  INFO 50644 --- [nacos-grpc-client-executor-8] com.alibaba.nacos.common.remote.client   : [611dacae-bd3e-461c-9942-eedd0ec316f6] Receive server push request, request = NotifySubscriberRequest, requestId = 71
10:57:19:728  INFO 50644 --- [nacos-grpc-client-executor-8] com.alibaba.nacos.common.remote.client   : [611dacae-bd3e-461c-9942-eedd0ec316f6] Ack server push request, request = NotifySubscriberRequest, requestId = 71
10:57:20:266  INFO 50644 --- [main] o.s.cloud.commons.util.InetUtils         : Cannot determine local hostname
10:57:20:266  INFO 50644 --- [main] d.s.w.p.DocumentationPluginsBootstrapper : Documentation plugins bootstrapped
10:57:20:269  INFO 50644 --- [main] d.s.w.p.DocumentationPluginsBootstrapper : Found 1 custom documentation plugin(s)
10:57:20:291  INFO 50644 --- [main] s.d.s.w.s.ApiListingReferenceScanner     : Scanning for api listing references
10:57:20:355  INFO 50644 --- [main] com.hmall.cart.CartApplication           : Started CartApplication in 8.904 seconds (JVM running for 9.472)
11:15:40:114  INFO 50644 --- [http-nio-8082-exec-1] o.a.c.c.C.[Tomcat].[localhost].[/]       : Initializing Spring DispatcherServlet 'dispatcherServlet'
11:15:40:114  INFO 50644 --- [http-nio-8082-exec-1] o.s.web.servlet.DispatcherServlet        : Initializing Servlet 'dispatcherServlet'
11:15:40:117  INFO 50644 --- [http-nio-8082-exec-1] o.s.web.servlet.DispatcherServlet        : Completed initialization in 3 ms
11:15:42:758  WARN 50644 --- [Thread-4] c.a.nacos.common.notify.NotifyCenter     : [NotifyCenter] Start destroying Publisher
11:15:42:758  WARN 50644 --- [Thread-7] c.a.n.common.http.HttpClientBeanHolder   : [HttpClientBeanHolder] Start destroying common HttpClient
11:15:42:758  WARN 50644 --- [Thread-4] c.a.nacos.common.notify.NotifyCenter     : [NotifyCenter] Destruction of the end
11:15:42:758  WARN 50644 --- [Thread-7] c.a.n.common.http.HttpClientBeanHolder   : [HttpClientBeanHolder] Destruction of the end
11:15:42:804  INFO 50644 --- [SpringApplicationShutdownHook] c.a.c.n.registry.NacosServiceRegistry    : De-registering from Nacos Server now...
11:15:42:832  INFO 50644 --- [SpringApplicationShutdownHook] c.a.c.n.registry.NacosServiceRegistry    : De-registration finished.
11:15:43:163  INFO 50644 --- [SpringApplicationShutdownHook] com.alibaba.nacos.common.remote.client   : Shutdown rpc client, set status to shutdown
11:15:43:170  INFO 50644 --- [SpringApplicationShutdownHook] com.alibaba.nacos.common.remote.client   : Shutdown client event executor java.util.concurrent.ScheduledThreadPoolExecutor@7dc92a06[Running, pool size = 2, active threads = 2, queued tasks = 0, completed tasks = 0]
11:15:43:170  INFO 50644 --- [SpringApplicationShutdownHook] com.alibaba.nacos.common.remote.client   : Close current connection 1762311439096_222.244.139.219_36002
11:15:43:176  INFO 50644 --- [SpringApplicationShutdownHook] c.a.n.c.remote.client.grpc.GrpcClient    : Shutdown grpc executor java.util.concurrent.ThreadPoolExecutor@9de1b85[Running, pool size = 4, active threads = 0, queued tasks = 0, completed tasks = 237]
11:15:53:230  INFO 34656 --- [main] com.hmall.cart.CartApplication           : Starting CartApplication using Java 21.0.8 on WangLin with PID 34656 (E:\资料\微服务\SpringCloud微服务—资料\day03-微服务01\资料\hmall\cart-service\target\classes started by 20588 in E:\资料\微服务\SpringCloud微服务—资料\day03-微服务01\资料\hmall)
11:15:53:234  INFO 34656 --- [main] com.hmall.cart.CartApplication           : The following 1 profile is active: "local"
11:15:53:981  INFO 34656 --- [main] o.s.cloud.context.scope.GenericScope     : BeanFactory id=e0848ba0-a8e0-38d8-89ac-30d375a3c8fe
11:15:54:344  INFO 34656 --- [main] o.s.b.w.embedded.tomcat.TomcatWebServer  : Tomcat initialized with port(s): 8082 (http)
11:15:54:350  INFO 34656 --- [main] o.apache.catalina.core.StandardService   : Starting service [Tomcat]
11:15:54:351  INFO 34656 --- [main] org.apache.catalina.core.StandardEngine  : Starting Servlet engine: [Apache Tomcat/9.0.75]
11:15:54:446  INFO 34656 --- [main] o.a.c.c.C.[Tomcat].[localhost].[/]       : Initializing Spring embedded WebApplicationContext
11:15:54:446  INFO 34656 --- [main] w.s.c.ServletWebServerApplicationContext : Root WebApplicationContext: initialization completed in 1173 ms
11:15:54:632  INFO 34656 --- [main] o.s.c.openfeign.FeignClientFactoryBean   : For 'item-service' URL not provided. Will try picking an instance via load-balancing.
11:15:56:414  INFO 34656 --- [main] o.s.cloud.commons.util.InetUtils         : Cannot determine local hostname
11:15:56:442  INFO 34656 --- [main] pertySourcedRequestMappingHandlerMapping : Mapped URL path [/v2/api-docs] onto method [springfox.documentation.swagger2.web.Swagger2ControllerWebMvc#getDocumentation(String, HttpServletRequest)]
11:15:57:497  INFO 34656 --- [main] o.s.cloud.commons.util.InetUtils         : Cannot determine local hostname
11:15:57:611  INFO 34656 --- [main] com.alibaba.nacos.common.remote.client   : [RpcClientFactory] create a new rpc client of 3dbbb5a7-5fbe-42db-8661-70dd995a2c7c
11:15:57:655  INFO 34656 --- [main] org.reflections.Reflections              : Reflections took 24 ms to scan 1 urls, producing 3 keys and 6 values 
11:15:57:671  INFO 34656 --- [main] org.reflections.Reflections              : Reflections took 7 ms to scan 1 urls, producing 4 keys and 9 values 
11:15:57:679  INFO 34656 --- [main] org.reflections.Reflections              : Reflections took 6 ms to scan 1 urls, producing 3 keys and 10 values 
11:15:57:680  WARN 34656 --- [main] org.reflections.Reflections              : given scan urls are empty. set urls in the configuration
11:15:57:685  INFO 34656 --- [main] org.reflections.Reflections              : Reflections took 4 ms to scan 1 urls, producing 1 keys and 5 values 
11:15:57:692  INFO 34656 --- [main] org.reflections.Reflections              : Reflections took 6 ms to scan 1 urls, producing 1 keys and 7 values 
11:15:57:698  INFO 34656 --- [main] org.reflections.Reflections              : Reflections took 5 ms to scan 1 urls, producing 2 keys and 8 values 
11:15:57:700  WARN 34656 --- [main] org.reflections.Reflections              : given scan urls are empty. set urls in the configuration
11:15:57:700  INFO 34656 --- [main] com.alibaba.nacos.common.remote.client   : [3dbbb5a7-5fbe-42db-8661-70dd995a2c7c] RpcClient init label, labels = {module=naming, source=sdk}
11:15:57:701  INFO 34656 --- [main] com.alibaba.nacos.common.remote.client   : [3dbbb5a7-5fbe-42db-8661-70dd995a2c7c] RpcClient init, ServerListFactory = com.alibaba.nacos.client.naming.core.ServerListManager
11:15:57:701  INFO 34656 --- [main] com.alibaba.nacos.common.remote.client   : [3dbbb5a7-5fbe-42db-8661-70dd995a2c7c] Registry connection listener to current client:com.alibaba.nacos.client.naming.remote.gprc.redo.NamingGrpcRedoService
11:15:57:703  INFO 34656 --- [main] com.alibaba.nacos.common.remote.client   : [3dbbb5a7-5fbe-42db-8661-70dd995a2c7c] Register server push request handler:com.alibaba.nacos.client.naming.remote.gprc.NamingPushRequestHandler
11:15:57:704  INFO 34656 --- [main] com.alibaba.nacos.common.remote.client   : [3dbbb5a7-5fbe-42db-8661-70dd995a2c7c] Try to connect to server on start up, server: {serverIp = '121.40.241.29', server main port = 8848}
11:15:58:292  INFO 34656 --- [main] com.alibaba.nacos.common.remote.client   : [3dbbb5a7-5fbe-42db-8661-70dd995a2c7c] Success to connect to server [121.40.241.29:8848] on start up, connectionId = 1762312558279_58.20.30.57_36070
11:15:58:292  INFO 34656 --- [com.alibaba.nacos.client.remote.worker] com.alibaba.nacos.common.remote.client   : [3dbbb5a7-5fbe-42db-8661-70dd995a2c7c] Notify connected event to listeners.
11:15:58:293  INFO 34656 --- [main] com.alibaba.nacos.common.remote.client   : [3dbbb5a7-5fbe-42db-8661-70dd995a2c7c] Register server push request handler:com.alibaba.nacos.common.remote.client.RpcClient$ConnectResetRequestHandler
11:15:58:293  INFO 34656 --- [main] com.alibaba.nacos.common.remote.client   : [3dbbb5a7-5fbe-42db-8661-70dd995a2c7c] Register server push request handler:com.alibaba.nacos.common.remote.client.RpcClient$$Lambda/0x000002520b7e0880
11:15:58:359  INFO 34656 --- [main] o.s.b.w.embedded.tomcat.TomcatWebServer  : Tomcat started on port(s): 8082 (http) with context path ''
11:15:58:390  INFO 34656 --- [main] c.a.c.n.registry.NacosServiceRegistry    : nacos registry, DEFAULT_GROUP cart-service 192.168.80.1:8082 register finished
11:15:58:857  INFO 34656 --- [nacos-grpc-client-executor-8] com.alibaba.nacos.common.remote.client   : [3dbbb5a7-5fbe-42db-8661-70dd995a2c7c] Receive server push request, request = NotifySubscriberRequest, requestId = 90
11:15:58:866  INFO 34656 --- [nacos-grpc-client-executor-8] com.alibaba.nacos.common.remote.client   : [3dbbb5a7-5fbe-42db-8661-70dd995a2c7c] Ack server push request, request = NotifySubscriberRequest, requestId = 90
11:15:59:406  INFO 34656 --- [main] o.s.cloud.commons.util.InetUtils         : Cannot determine local hostname
11:15:59:406  INFO 34656 --- [main] d.s.w.p.DocumentationPluginsBootstrapper : Documentation plugins bootstrapped
11:15:59:408  INFO 34656 --- [main] d.s.w.p.DocumentationPluginsBootstrapper : Found 1 custom documentation plugin(s)
11:15:59:424  INFO 34656 --- [main] s.d.s.w.s.ApiListingReferenceScanner     : Scanning for api listing references
11:15:59:487  INFO 34656 --- [main] com.hmall.cart.CartApplication           : Started CartApplication in 7.661 seconds (JVM running for 8.185)
15:06:18:350  WARN 34656 --- [Thread-4] c.a.nacos.common.notify.NotifyCenter     : [NotifyCenter] Start destroying Publisher
15:06:18:362  WARN 34656 --- [Thread-4] c.a.nacos.common.notify.NotifyCenter     : [NotifyCenter] Destruction of the end
15:06:18:359  WARN 34656 --- [Thread-7] c.a.n.common.http.HttpClientBeanHolder   : [HttpClientBeanHolder] Start destroying common HttpClient
15:06:18:370  WARN 34656 --- [Thread-7] c.a.n.common.http.HttpClientBeanHolder   : [HttpClientBeanHolder] Destruction of the end
15:06:18:483  INFO 34656 --- [SpringApplicationShutdownHook] c.a.c.n.registry.NacosServiceRegistry    : De-registering from Nacos Server now...
15:06:18:509  INFO 34656 --- [SpringApplicationShutdownHook] c.a.c.n.registry.NacosServiceRegistry    : De-registration finished.
15:06:18:832  INFO 34656 --- [SpringApplicationShutdownHook] com.alibaba.nacos.common.remote.client   : Shutdown rpc client, set status to shutdown
15:06:18:832  INFO 34656 --- [SpringApplicationShutdownHook] com.alibaba.nacos.common.remote.client   : Shutdown client event executor java.util.concurrent.ScheduledThreadPoolExecutor@59a3eaf7[Running, pool size = 2, active threads = 2, queued tasks = 0, completed tasks = 0]
15:06:18:832  INFO 34656 --- [SpringApplicationShutdownHook] com.alibaba.nacos.common.remote.client   : Close current connection 1762312558279_58.20.30.57_36070
15:06:18:843  INFO 34656 --- [SpringApplicationShutdownHook] c.a.n.c.remote.client.grpc.GrpcClient    : Shutdown grpc executor java.util.concurrent.ThreadPoolExecutor@675230cd[Running, pool size = 4, active threads = 0, queued tasks = 0, completed tasks = 2776]
15:27:51:436  INFO 35976 --- [main] com.hmall.cart.CartApplication           : Starting CartApplication using Java 21.0.8 on WangLin with PID 35976 (E:\资料\微服务\SpringCloud微服务—资料\day03-微服务01\资料\hmall\cart-service\target\classes started by 20588 in E:\资料\微服务\SpringCloud微服务—资料\day03-微服务01\资料\hmall)
15:27:51:439  INFO 35976 --- [main] com.hmall.cart.CartApplication           : The following 1 profile is active: "local"
15:27:52:479  INFO 35976 --- [main] o.s.cloud.context.scope.GenericScope     : BeanFactory id=ec6970e6-3648-3c11-9b74-61799eed66a3
15:27:52:957  INFO 35976 --- [main] o.s.b.w.embedded.tomcat.TomcatWebServer  : Tomcat initialized with port(s): 8082 (http)
15:27:52:966  INFO 35976 --- [main] o.apache.catalina.core.StandardService   : Starting service [Tomcat]
15:27:52:966  INFO 35976 --- [main] org.apache.catalina.core.StandardEngine  : Starting Servlet engine: [Apache Tomcat/9.0.75]
15:27:53:094  INFO 35976 --- [main] o.a.c.c.C.[Tomcat].[localhost].[/]       : Initializing Spring embedded WebApplicationContext
15:27:53:095  INFO 35976 --- [main] w.s.c.ServletWebServerApplicationContext : Root WebApplicationContext: initialization completed in 1622 ms
15:27:53:356  INFO 35976 --- [main] o.s.c.openfeign.FeignClientFactoryBean   : For 'item-service' URL not provided. Will try picking an instance via load-balancing.
15:27:55:558  INFO 35976 --- [main] o.s.cloud.commons.util.InetUtils         : Cannot determine local hostname
15:27:55:610  INFO 35976 --- [main] pertySourcedRequestMappingHandlerMapping : Mapped URL path [/v2/api-docs] onto method [springfox.documentation.swagger2.web.Swagger2ControllerWebMvc#getDocumentation(String, HttpServletRequest)]
15:27:56:716  INFO 35976 --- [main] o.s.cloud.commons.util.InetUtils         : Cannot determine local hostname
15:27:56:904  INFO 35976 --- [main] com.alibaba.nacos.common.remote.client   : [RpcClientFactory] create a new rpc client of 21be48b5-0110-4a63-904d-f69182d287f6
15:27:56:970  INFO 35976 --- [main] org.reflections.Reflections              : Reflections took 31 ms to scan 1 urls, producing 3 keys and 6 values 
15:27:57:001  INFO 35976 --- [main] org.reflections.Reflections              : Reflections took 9 ms to scan 1 urls, producing 4 keys and 9 values 
15:27:57:012  INFO 35976 --- [main] org.reflections.Reflections              : Reflections took 7 ms to scan 1 urls, producing 3 keys and 10 values 
15:27:57:014  WARN 35976 --- [main] org.reflections.Reflections              : given scan urls are empty. set urls in the configuration
15:27:57:026  INFO 35976 --- [main] org.reflections.Reflections              : Reflections took 12 ms to scan 1 urls, producing 1 keys and 5 values 
15:27:57:038  INFO 35976 --- [main] org.reflections.Reflections              : Reflections took 10 ms to scan 1 urls, producing 1 keys and 7 values 
15:27:57:051  INFO 35976 --- [main] org.reflections.Reflections              : Reflections took 10 ms to scan 1 urls, producing 2 keys and 8 values 
15:27:57:054  WARN 35976 --- [main] org.reflections.Reflections              : given scan urls are empty. set urls in the configuration
15:27:57:055  INFO 35976 --- [main] com.alibaba.nacos.common.remote.client   : [21be48b5-0110-4a63-904d-f69182d287f6] RpcClient init label, labels = {module=naming, source=sdk}
15:27:57:057  INFO 35976 --- [main] com.alibaba.nacos.common.remote.client   : [21be48b5-0110-4a63-904d-f69182d287f6] RpcClient init, ServerListFactory = com.alibaba.nacos.client.naming.core.ServerListManager
15:27:57:057  INFO 35976 --- [main] com.alibaba.nacos.common.remote.client   : [21be48b5-0110-4a63-904d-f69182d287f6] Registry connection listener to current client:com.alibaba.nacos.client.naming.remote.gprc.redo.NamingGrpcRedoService
15:27:57:057  INFO 35976 --- [main] com.alibaba.nacos.common.remote.client   : [21be48b5-0110-4a63-904d-f69182d287f6] Register server push request handler:com.alibaba.nacos.client.naming.remote.gprc.NamingPushRequestHandler
15:27:57:059  INFO 35976 --- [main] com.alibaba.nacos.common.remote.client   : [21be48b5-0110-4a63-904d-f69182d287f6] Try to connect to server on start up, server: {serverIp = '121.40.241.29', server main port = 8848}
15:27:58:047  INFO 35976 --- [main] com.alibaba.nacos.common.remote.client   : [21be48b5-0110-4a63-904d-f69182d287f6] Success to connect to server [121.40.241.29:8848] on start up, connectionId = 1762327678002_222.244.139.219_36060
15:27:58:047  INFO 35976 --- [com.alibaba.nacos.client.remote.worker] com.alibaba.nacos.common.remote.client   : [21be48b5-0110-4a63-904d-f69182d287f6] Notify connected event to listeners.
15:27:58:048  INFO 35976 --- [main] com.alibaba.nacos.common.remote.client   : [21be48b5-0110-4a63-904d-f69182d287f6] Register server push request handler:com.alibaba.nacos.common.remote.client.RpcClient$ConnectResetRequestHandler
15:27:58:048  INFO 35976 --- [main] com.alibaba.nacos.common.remote.client   : [21be48b5-0110-4a63-904d-f69182d287f6] Register server push request handler:com.alibaba.nacos.common.remote.client.RpcClient$$Lambda/0x0000014110818880
15:27:58:165  INFO 35976 --- [main] o.s.b.w.embedded.tomcat.TomcatWebServer  : Tomcat started on port(s): 8082 (http) with context path ''
15:27:58:201  INFO 35976 --- [main] c.a.c.n.registry.NacosServiceRegistry    : nacos registry, DEFAULT_GROUP cart-service 192.168.80.1:8082 register finished
15:27:58:679  INFO 35976 --- [nacos-grpc-client-executor-10] com.alibaba.nacos.common.remote.client   : [21be48b5-0110-4a63-904d-f69182d287f6] Receive server push request, request = NotifySubscriberRequest, requestId = 95
15:27:58:700  INFO 35976 --- [nacos-grpc-client-executor-10] com.alibaba.nacos.common.remote.client   : [21be48b5-0110-4a63-904d-f69182d287f6] Ack server push request, request = NotifySubscriberRequest, requestId = 95
15:27:59:227  INFO 35976 --- [main] o.s.cloud.commons.util.InetUtils         : Cannot determine local hostname
15:27:59:228  INFO 35976 --- [main] d.s.w.p.DocumentationPluginsBootstrapper : Documentation plugins bootstrapped
15:27:59:233  INFO 35976 --- [main] d.s.w.p.DocumentationPluginsBootstrapper : Found 1 custom documentation plugin(s)
15:27:59:329  INFO 35976 --- [main] s.d.s.w.s.ApiListingReferenceScanner     : Scanning for api listing references
15:27:59:484  INFO 35976 --- [main] com.hmall.cart.CartApplication           : Started CartApplication in 9.474 seconds (JVM running for 10.569)
18:19:08:437 ERROR 35976 --- [com.alibaba.nacos.client.naming.updater.7] com.alibaba.nacos.common.remote.client   : Send request fail, request = ServiceQueryRequest{headers={}, requestId='null'}, retryTimes = 0, errorMessage = java.util.concurrent.TimeoutException: Waited 3000 milliseconds (plus 1 milliseconds, 744800 nanoseconds delay) for com.alibaba.nacos.shaded.io.grpc.stub.ClientCalls$GrpcFuture@5a48d765[status=PENDING, info=[GrpcFuture{clientCall={delegate={delegate=ClientCallImpl{method=MethodDescriptor{fullMethodName=Request/request, type=UNARY, idempotent=false, safe=false, sampledToLocalTracing=true, requestMarshaller=com.alibaba.nacos.shaded.io.grpc.protobuf.lite.ProtoLiteUtils$MessageMarshaller@4d1fff4e, responseMarshaller=com.alibaba.nacos.shaded.io.grpc.protobuf.lite.ProtoLiteUtils$MessageMarshaller@771859a1, schemaDescriptor=com.alibaba.nacos.api.grpc.auto.RequestGrpc$RequestMethodDescriptorSupplier@6bf74bd8}}}}}]]
18:19:08:718  INFO 35976 --- [com.alibaba.nacos.client.remote.worker] com.alibaba.nacos.common.remote.client   : [21be48b5-0110-4a63-904d-f69182d287f6] Server healthy check fail, currentConnection = 1762327678002_222.244.139.219_36060
18:19:08:718  INFO 35976 --- [com.alibaba.nacos.client.remote.worker] com.alibaba.nacos.common.remote.client   : [21be48b5-0110-4a63-904d-f69182d287f6] Try to reconnect to a new server, server is  not appointed, will choose a random server.
18:19:08:901  INFO 35976 --- [com.alibaba.nacos.client.remote.worker] com.alibaba.nacos.common.remote.client   : [21be48b5-0110-4a63-904d-f69182d287f6] Success to connect a server [121.40.241.29:8848], connectionId = 1762337948970_58.20.30.57_36962
18:19:08:901  INFO 35976 --- [com.alibaba.nacos.client.remote.worker] com.alibaba.nacos.common.remote.client   : [21be48b5-0110-4a63-904d-f69182d287f6] Abandon prev connection, server is 121.40.241.29:8848, connectionId is 1762327678002_222.244.139.219_36060
18:19:08:901  INFO 35976 --- [com.alibaba.nacos.client.remote.worker] com.alibaba.nacos.common.remote.client   : Close current connection 1762327678002_222.244.139.219_36060
18:19:08:908  INFO 35976 --- [com.alibaba.nacos.client.remote.worker] com.alibaba.nacos.common.remote.client   : [21be48b5-0110-4a63-904d-f69182d287f6] Notify disconnected event to listeners
18:19:08:910  WARN 35976 --- [nacos-grpc-client-executor-2076] c.a.n.c.remote.client.grpc.GrpcClient    : [1762327678002_222.244.139.219_36060]Ignore error event,isRunning:true,isAbandon=true
18:19:08:910  INFO 35976 --- [com.alibaba.nacos.client.remote.worker] com.alibaba.nacos.common.remote.client   : [21be48b5-0110-4a63-904d-f69182d287f6] Notify connected event to listeners.
18:19:08:930  INFO 35976 --- [com.alibaba.nacos.client.remote.worker] com.alibaba.nacos.common.remote.client   : [21be48b5-0110-4a63-904d-f69182d287f6] Server check success, currentServer is 121.40.241.29:8848 
18:19:09:770  INFO 35976 --- [nacos-grpc-client-executor-2082] com.alibaba.nacos.common.remote.client   : [21be48b5-0110-4a63-904d-f69182d287f6] Receive server push request, request = NotifySubscriberRequest, requestId = 103
18:19:09:771  INFO 35976 --- [nacos-grpc-client-executor-2082] com.alibaba.nacos.common.remote.client   : [21be48b5-0110-4a63-904d-f69182d287f6] Ack server push request, request = NotifySubscriberRequest, requestId = 103
18:19:23:782  INFO 35976 --- [nacos-grpc-client-executor-2085] com.alibaba.nacos.common.remote.client   : [21be48b5-0110-4a63-904d-f69182d287f6] Receive server push request, request = NotifySubscriberRequest, requestId = 130
18:19:23:782  INFO 35976 --- [nacos-grpc-client-executor-2085] com.alibaba.nacos.common.remote.client   : [21be48b5-0110-4a63-904d-f69182d287f6] Ack server push request, request = NotifySubscriberRequest, requestId = 130
19:23:07:658  WARN 35976 --- [Thread-4] c.a.nacos.common.notify.NotifyCenter     : [NotifyCenter] Start destroying Publisher
19:23:07:658  WARN 35976 --- [Thread-7] c.a.n.common.http.HttpClientBeanHolder   : [HttpClientBeanHolder] Start destroying common HttpClient
19:23:07:659  WARN 35976 --- [Thread-4] c.a.nacos.common.notify.NotifyCenter     : [NotifyCenter] Destruction of the end
19:23:07:660  WARN 35976 --- [Thread-7] c.a.n.common.http.HttpClientBeanHolder   : [HttpClientBeanHolder] Destruction of the end
19:23:07:743  INFO 35976 --- [SpringApplicationShutdownHook] c.a.c.n.registry.NacosServiceRegistry    : De-registering from Nacos Server now...
19:23:07:768  INFO 35976 --- [SpringApplicationShutdownHook] c.a.c.n.registry.NacosServiceRegistry    : De-registration finished.
19:23:08:096  INFO 35976 --- [SpringApplicationShutdownHook] com.alibaba.nacos.common.remote.client   : Shutdown rpc client, set status to shutdown
19:23:08:098  INFO 35976 --- [SpringApplicationShutdownHook] com.alibaba.nacos.common.remote.client   : Shutdown client event executor java.util.concurrent.ScheduledThreadPoolExecutor@30333941[Running, pool size = 2, active threads = 2, queued tasks = 0, completed tasks = 0]
19:23:08:098  INFO 35976 --- [SpringApplicationShutdownHook] com.alibaba.nacos.common.remote.client   : Close current connection 1762337948970_58.20.30.57_36962
19:23:08:100  INFO 35976 --- [SpringApplicationShutdownHook] c.a.n.c.remote.client.grpc.GrpcClient    : Shutdown grpc executor java.util.concurrent.ThreadPoolExecutor@10f10230[Running, pool size = 4, active threads = 0, queued tasks = 0, completed tasks = 2849]
19:23:18:584  INFO 39052 --- [main] com.hmall.cart.CartApplication           : Starting CartApplication using Java 21.0.8 on WangLin with PID 39052 (E:\资料\微服务\SpringCloud微服务—资料\day03-微服务01\资料\hmall\cart-service\target\classes started by 20588 in E:\资料\微服务\SpringCloud微服务—资料\day03-微服务01\资料\hmall)
19:23:18:585  INFO 39052 --- [main] com.hmall.cart.CartApplication           : The following 1 profile is active: "local"
19:23:19:816  INFO 39052 --- [main] o.s.cloud.context.scope.GenericScope     : BeanFactory id=ec6970e6-3648-3c11-9b74-61799eed66a3
19:23:20:285  INFO 39052 --- [main] o.s.b.w.embedded.tomcat.TomcatWebServer  : Tomcat initialized with port(s): 8082 (http)
19:23:20:295  INFO 39052 --- [main] o.apache.catalina.core.StandardService   : Starting service [Tomcat]
19:23:20:296  INFO 39052 --- [main] org.apache.catalina.core.StandardEngine  : Starting Servlet engine: [Apache Tomcat/9.0.75]
19:23:20:454  INFO 39052 --- [main] o.a.c.c.C.[Tomcat].[localhost].[/]       : Initializing Spring embedded WebApplicationContext
19:23:20:454  INFO 39052 --- [main] w.s.c.ServletWebServerApplicationContext : Root WebApplicationContext: initialization completed in 1828 ms
19:23:20:712  INFO 39052 --- [main] o.s.c.openfeign.FeignClientFactoryBean   : For 'item-service' URL not provided. Will try picking an instance via load-balancing.
19:23:22:624  INFO 39052 --- [main] o.s.cloud.commons.util.InetUtils         : Cannot determine local hostname
19:23:22:654  INFO 39052 --- [main] pertySourcedRequestMappingHandlerMapping : Mapped URL path [/v2/api-docs] onto method [springfox.documentation.swagger2.web.Swagger2ControllerWebMvc#getDocumentation(String, HttpServletRequest)]
19:23:23:723  INFO 39052 --- [main] o.s.cloud.commons.util.InetUtils         : Cannot determine local hostname
19:23:23:946  INFO 39052 --- [main] com.alibaba.nacos.common.remote.client   : [RpcClientFactory] create a new rpc client of 6d4e2cfb-bb14-4660-aa7c-21017e3eed20
19:23:24:011  INFO 39052 --- [main] org.reflections.Reflections              : Reflections took 32 ms to scan 1 urls, producing 3 keys and 6 values 
19:23:24:049  INFO 39052 --- [main] org.reflections.Reflections              : Reflections took 15 ms to scan 1 urls, producing 4 keys and 9 values 
19:23:24:060  INFO 39052 --- [main] org.reflections.Reflections              : Reflections took 9 ms to scan 1 urls, producing 3 keys and 10 values 
19:23:24:062  WARN 39052 --- [main] org.reflections.Reflections              : given scan urls are empty. set urls in the configuration
19:23:24:074  INFO 39052 --- [main] org.reflections.Reflections              : Reflections took 10 ms to scan 1 urls, producing 1 keys and 5 values 
19:23:24:088  INFO 39052 --- [main] org.reflections.Reflections              : Reflections took 11 ms to scan 1 urls, producing 1 keys and 7 values 
19:23:24:098  INFO 39052 --- [main] org.reflections.Reflections              : Reflections took 7 ms to scan 1 urls, producing 2 keys and 8 values 
19:23:24:099  WARN 39052 --- [main] org.reflections.Reflections              : given scan urls are empty. set urls in the configuration
19:23:24:101  INFO 39052 --- [main] com.alibaba.nacos.common.remote.client   : [6d4e2cfb-bb14-4660-aa7c-21017e3eed20] RpcClient init label, labels = {module=naming, source=sdk}
19:23:24:103  INFO 39052 --- [main] com.alibaba.nacos.common.remote.client   : [6d4e2cfb-bb14-4660-aa7c-21017e3eed20] RpcClient init, ServerListFactory = com.alibaba.nacos.client.naming.core.ServerListManager
19:23:24:104  INFO 39052 --- [main] com.alibaba.nacos.common.remote.client   : [6d4e2cfb-bb14-4660-aa7c-21017e3eed20] Registry connection listener to current client:com.alibaba.nacos.client.naming.remote.gprc.redo.NamingGrpcRedoService
19:23:24:105  INFO 39052 --- [main] com.alibaba.nacos.common.remote.client   : [6d4e2cfb-bb14-4660-aa7c-21017e3eed20] Register server push request handler:com.alibaba.nacos.client.naming.remote.gprc.NamingPushRequestHandler
19:23:24:106  INFO 39052 --- [main] com.alibaba.nacos.common.remote.client   : [6d4e2cfb-bb14-4660-aa7c-21017e3eed20] Try to connect to server on start up, server: {serverIp = '121.40.241.29', server main port = 8848}
19:23:24:970  INFO 39052 --- [main] com.alibaba.nacos.common.remote.client   : [6d4e2cfb-bb14-4660-aa7c-21017e3eed20] Success to connect to server [121.40.241.29:8848] on start up, connectionId = 1762341804980_58.20.30.57_37018
19:23:24:971  INFO 39052 --- [com.alibaba.nacos.client.remote.worker] com.alibaba.nacos.common.remote.client   : [6d4e2cfb-bb14-4660-aa7c-21017e3eed20] Notify connected event to listeners.
19:23:24:974  INFO 39052 --- [main] com.alibaba.nacos.common.remote.client   : [6d4e2cfb-bb14-4660-aa7c-21017e3eed20] Register server push request handler:com.alibaba.nacos.common.remote.client.RpcClient$ConnectResetRequestHandler
19:23:24:975  INFO 39052 --- [main] com.alibaba.nacos.common.remote.client   : [6d4e2cfb-bb14-4660-aa7c-21017e3eed20] Register server push request handler:com.alibaba.nacos.common.remote.client.RpcClient$$Lambda/0x000001cc81818f48
19:23:25:070  INFO 39052 --- [main] o.s.b.w.embedded.tomcat.TomcatWebServer  : Tomcat started on port(s): 8082 (http) with context path ''
19:23:25:104  INFO 39052 --- [main] c.a.c.n.registry.NacosServiceRegistry    : nacos registry, DEFAULT_GROUP cart-service 192.168.80.1:8082 register finished
19:23:25:542  INFO 39052 --- [nacos-grpc-client-executor-9] com.alibaba.nacos.common.remote.client   : [6d4e2cfb-bb14-4660-aa7c-21017e3eed20] Receive server push request, request = NotifySubscriberRequest, requestId = 153
19:23:25:579  INFO 39052 --- [nacos-grpc-client-executor-9] com.alibaba.nacos.common.remote.client   : [6d4e2cfb-bb14-4660-aa7c-21017e3eed20] Ack server push request, request = NotifySubscriberRequest, requestId = 153
19:23:26:113  INFO 39052 --- [main] o.s.cloud.commons.util.InetUtils         : Cannot determine local hostname
19:23:26:114  INFO 39052 --- [main] d.s.w.p.DocumentationPluginsBootstrapper : Documentation plugins bootstrapped
19:23:26:117  INFO 39052 --- [main] d.s.w.p.DocumentationPluginsBootstrapper : Found 1 custom documentation plugin(s)
19:23:26:139  INFO 39052 --- [main] s.d.s.w.s.ApiListingReferenceScanner     : Scanning for api listing references
19:23:26:227  INFO 39052 --- [main] com.hmall.cart.CartApplication           : Started CartApplication in 9.143 seconds (JVM running for 9.794)
