10:58:16:215  INFO 41716 --- [main] com.heima.item.ItemApplication           : Starting ItemApplication using Java 21.0.8 on WangLin with PID 41716 (E:\资料\微服务\SpringCloud微服务—资料\day03-微服务01\资料\hmall\item-service\target\classes started by 20588 in E:\资料\微服务\SpringCloud微服务—资料\day03-微服务01\资料\hmall)
10:58:16:218 DEBUG 41716 --- [main] com.heima.item.ItemApplication           : Running with Spring Boot v2.7.12, Spring v5.3.27
10:58:16:219  INFO 41716 --- [main] com.heima.item.ItemApplication           : The following 1 profile is active: "local"
10:58:16:840  INFO 41716 --- [main] o.s.cloud.context.scope.GenericScope     : BeanFactory id=0f9e3e55-825f-35a8-bc51-50ab4cd718d2
10:58:17:057  INFO 41716 --- [main] o.s.b.w.embedded.tomcat.TomcatWebServer  : Tomcat initialized with port(s): 8083 (http)
10:58:17:064  INFO 41716 --- [main] o.apache.catalina.core.StandardService   : Starting service [Tomcat]
10:58:17:064  INFO 41716 --- [main] org.apache.catalina.core.StandardEngine  : Starting Servlet engine: [Apache Tomcat/9.0.75]
10:58:17:141  INFO 41716 --- [main] o.a.c.c.C.[Tomcat].[localhost].[/]       : Initializing Spring embedded WebApplicationContext
10:58:17:141  INFO 41716 --- [main] w.s.c.ServletWebServerApplicationContext : Root WebApplicationContext: initialization completed in 893 ms
10:58:18:761  INFO 41716 --- [main] o.s.cloud.commons.util.InetUtils         : Cannot determine local hostname
10:58:18:787  INFO 41716 --- [main] pertySourcedRequestMappingHandlerMapping : Mapped URL path [/v2/api-docs] onto method [springfox.documentation.swagger2.web.Swagger2ControllerWebMvc#getDocumentation(String, HttpServletRequest)]
10:58:19:846  INFO 41716 --- [main] o.s.cloud.commons.util.InetUtils         : Cannot determine local hostname
10:58:19:934  INFO 41716 --- [main] com.alibaba.nacos.common.remote.client   : [RpcClientFactory] create a new rpc client of a42da574-bf41-4377-8f69-f8217c5d4f85
10:58:19:977  INFO 41716 --- [main] org.reflections.Reflections              : Reflections took 22 ms to scan 1 urls, producing 3 keys and 6 values 
10:58:19:995  INFO 41716 --- [main] org.reflections.Reflections              : Reflections took 7 ms to scan 1 urls, producing 4 keys and 9 values 
10:58:20:003  INFO 41716 --- [main] org.reflections.Reflections              : Reflections took 6 ms to scan 1 urls, producing 3 keys and 10 values 
10:58:20:004  WARN 41716 --- [main] org.reflections.Reflections              : given scan urls are empty. set urls in the configuration
10:58:20:009  INFO 41716 --- [main] org.reflections.Reflections              : Reflections took 4 ms to scan 1 urls, producing 1 keys and 5 values 
10:58:20:017  INFO 41716 --- [main] org.reflections.Reflections              : Reflections took 7 ms to scan 1 urls, producing 1 keys and 7 values 
10:58:20:024  INFO 41716 --- [main] org.reflections.Reflections              : Reflections took 6 ms to scan 1 urls, producing 2 keys and 8 values 
10:58:20:025  WARN 41716 --- [main] org.reflections.Reflections              : given scan urls are empty. set urls in the configuration
10:58:20:026  INFO 41716 --- [main] com.alibaba.nacos.common.remote.client   : [a42da574-bf41-4377-8f69-f8217c5d4f85] RpcClient init label, labels = {module=naming, source=sdk}
10:58:20:027  INFO 41716 --- [main] com.alibaba.nacos.common.remote.client   : [a42da574-bf41-4377-8f69-f8217c5d4f85] RpcClient init, ServerListFactory = com.alibaba.nacos.client.naming.core.ServerListManager
10:58:20:027  INFO 41716 --- [main] com.alibaba.nacos.common.remote.client   : [a42da574-bf41-4377-8f69-f8217c5d4f85] Registry connection listener to current client:com.alibaba.nacos.client.naming.remote.gprc.redo.NamingGrpcRedoService
10:58:20:027  INFO 41716 --- [main] com.alibaba.nacos.common.remote.client   : [a42da574-bf41-4377-8f69-f8217c5d4f85] Register server push request handler:com.alibaba.nacos.client.naming.remote.gprc.NamingPushRequestHandler
10:58:20:028  INFO 41716 --- [main] com.alibaba.nacos.common.remote.client   : [a42da574-bf41-4377-8f69-f8217c5d4f85] Try to connect to server on start up, server: {serverIp = '121.40.241.29', server main port = 8848}
10:58:20:623  INFO 41716 --- [main] com.alibaba.nacos.common.remote.client   : [a42da574-bf41-4377-8f69-f8217c5d4f85] Success to connect to server [121.40.241.29:8848] on start up, connectionId = 1762311500609_222.244.139.219_36004
10:58:20:624  INFO 41716 --- [com.alibaba.nacos.client.remote.worker] com.alibaba.nacos.common.remote.client   : [a42da574-bf41-4377-8f69-f8217c5d4f85] Notify connected event to listeners.
10:58:20:624  INFO 41716 --- [main] com.alibaba.nacos.common.remote.client   : [a42da574-bf41-4377-8f69-f8217c5d4f85] Register server push request handler:com.alibaba.nacos.common.remote.client.RpcClient$ConnectResetRequestHandler
10:58:20:624  INFO 41716 --- [main] com.alibaba.nacos.common.remote.client   : [a42da574-bf41-4377-8f69-f8217c5d4f85] Register server push request handler:com.alibaba.nacos.common.remote.client.RpcClient$$Lambda/0x000001c6b8729c60
10:58:20:694  INFO 41716 --- [main] o.s.b.w.embedded.tomcat.TomcatWebServer  : Tomcat started on port(s): 8083 (http) with context path ''
10:58:20:725  INFO 41716 --- [main] c.a.c.n.registry.NacosServiceRegistry    : nacos registry, DEFAULT_GROUP item-service 192.168.80.1:8083 register finished
10:58:21:183  INFO 41716 --- [nacos-grpc-client-executor-9] com.alibaba.nacos.common.remote.client   : [a42da574-bf41-4377-8f69-f8217c5d4f85] Receive server push request, request = NotifySubscriberRequest, requestId = 73
10:58:21:193  INFO 41716 --- [nacos-grpc-client-executor-9] com.alibaba.nacos.common.remote.client   : [a42da574-bf41-4377-8f69-f8217c5d4f85] Ack server push request, request = NotifySubscriberRequest, requestId = 73
10:58:21:739  INFO 41716 --- [main] o.s.cloud.commons.util.InetUtils         : Cannot determine local hostname
10:58:21:739  INFO 41716 --- [main] d.s.w.p.DocumentationPluginsBootstrapper : Documentation plugins bootstrapped
10:58:21:742  INFO 41716 --- [main] d.s.w.p.DocumentationPluginsBootstrapper : Found 1 custom documentation plugin(s)
10:58:21:760  INFO 41716 --- [main] s.d.s.w.s.ApiListingReferenceScanner     : Scanning for api listing references
10:58:21:845  INFO 41716 --- [main] com.heima.item.ItemApplication           : Started ItemApplication in 6.992 seconds (JVM running for 7.462)
10:58:25:837  INFO 23992 --- [main] com.heima.item.ItemApplication           : Starting ItemApplication using Java 21.0.8 on WangLin with PID 23992 (E:\资料\微服务\SpringCloud微服务—资料\day03-微服务01\资料\hmall\item-service\target\classes started by 20588 in E:\资料\微服务\SpringCloud微服务—资料\day03-微服务01\资料\hmall)
10:58:25:838 DEBUG 23992 --- [main] com.heima.item.ItemApplication           : Running with Spring Boot v2.7.12, Spring v5.3.27
10:58:25:839  INFO 23992 --- [main] com.heima.item.ItemApplication           : The following 1 profile is active: "local"
10:58:26:456  INFO 23992 --- [main] o.s.cloud.context.scope.GenericScope     : BeanFactory id=0f9e3e55-825f-35a8-bc51-50ab4cd718d2
10:58:26:690  INFO 23992 --- [main] o.s.b.w.embedded.tomcat.TomcatWebServer  : Tomcat initialized with port(s): 8081 (http)
10:58:26:697  INFO 23992 --- [main] o.apache.catalina.core.StandardService   : Starting service [Tomcat]
10:58:26:697  INFO 23992 --- [main] org.apache.catalina.core.StandardEngine  : Starting Servlet engine: [Apache Tomcat/9.0.75]
10:58:26:771  INFO 23992 --- [main] o.a.c.c.C.[Tomcat].[localhost].[/]       : Initializing Spring embedded WebApplicationContext
10:58:26:772  INFO 23992 --- [main] w.s.c.ServletWebServerApplicationContext : Root WebApplicationContext: initialization completed in 903 ms
10:58:28:356  INFO 23992 --- [main] o.s.cloud.commons.util.InetUtils         : Cannot determine local hostname
10:58:28:379  INFO 23992 --- [main] pertySourcedRequestMappingHandlerMapping : Mapped URL path [/v2/api-docs] onto method [springfox.documentation.swagger2.web.Swagger2ControllerWebMvc#getDocumentation(String, HttpServletRequest)]
10:58:29:425  INFO 23992 --- [main] o.s.cloud.commons.util.InetUtils         : Cannot determine local hostname
10:58:29:523  INFO 23992 --- [main] com.alibaba.nacos.common.remote.client   : [RpcClientFactory] create a new rpc client of 081aea4e-e868-47cd-996a-6cec7894e0ce
10:58:29:568  INFO 23992 --- [main] org.reflections.Reflections              : Reflections took 22 ms to scan 1 urls, producing 3 keys and 6 values 
10:58:29:586  INFO 23992 --- [main] org.reflections.Reflections              : Reflections took 8 ms to scan 1 urls, producing 4 keys and 9 values 
10:58:29:596  INFO 23992 --- [main] org.reflections.Reflections              : Reflections took 7 ms to scan 1 urls, producing 3 keys and 10 values 
10:58:29:598  WARN 23992 --- [main] org.reflections.Reflections              : given scan urls are empty. set urls in the configuration
10:58:29:604  INFO 23992 --- [main] org.reflections.Reflections              : Reflections took 6 ms to scan 1 urls, producing 1 keys and 5 values 
10:58:29:612  INFO 23992 --- [main] org.reflections.Reflections              : Reflections took 7 ms to scan 1 urls, producing 1 keys and 7 values 
10:58:29:619  INFO 23992 --- [main] org.reflections.Reflections              : Reflections took 5 ms to scan 1 urls, producing 2 keys and 8 values 
10:58:29:621  WARN 23992 --- [main] org.reflections.Reflections              : given scan urls are empty. set urls in the configuration
10:58:29:621  INFO 23992 --- [main] com.alibaba.nacos.common.remote.client   : [081aea4e-e868-47cd-996a-6cec7894e0ce] RpcClient init label, labels = {module=naming, source=sdk}
10:58:29:622  INFO 23992 --- [main] com.alibaba.nacos.common.remote.client   : [081aea4e-e868-47cd-996a-6cec7894e0ce] RpcClient init, ServerListFactory = com.alibaba.nacos.client.naming.core.ServerListManager
10:58:29:622  INFO 23992 --- [main] com.alibaba.nacos.common.remote.client   : [081aea4e-e868-47cd-996a-6cec7894e0ce] Registry connection listener to current client:com.alibaba.nacos.client.naming.remote.gprc.redo.NamingGrpcRedoService
10:58:29:623  INFO 23992 --- [main] com.alibaba.nacos.common.remote.client   : [081aea4e-e868-47cd-996a-6cec7894e0ce] Register server push request handler:com.alibaba.nacos.client.naming.remote.gprc.NamingPushRequestHandler
10:58:29:624  INFO 23992 --- [main] com.alibaba.nacos.common.remote.client   : [081aea4e-e868-47cd-996a-6cec7894e0ce] Try to connect to server on start up, server: {serverIp = '121.40.241.29', server main port = 8848}
10:58:30:263  INFO 23992 --- [main] com.alibaba.nacos.common.remote.client   : [081aea4e-e868-47cd-996a-6cec7894e0ce] Success to connect to server [121.40.241.29:8848] on start up, connectionId = 1762311510233_222.244.139.219_36005
10:58:30:263  INFO 23992 --- [com.alibaba.nacos.client.remote.worker] com.alibaba.nacos.common.remote.client   : [081aea4e-e868-47cd-996a-6cec7894e0ce] Notify connected event to listeners.
10:58:30:263  INFO 23992 --- [main] com.alibaba.nacos.common.remote.client   : [081aea4e-e868-47cd-996a-6cec7894e0ce] Register server push request handler:com.alibaba.nacos.common.remote.client.RpcClient$ConnectResetRequestHandler
10:58:30:264  INFO 23992 --- [main] com.alibaba.nacos.common.remote.client   : [081aea4e-e868-47cd-996a-6cec7894e0ce] Register server push request handler:com.alibaba.nacos.common.remote.client.RpcClient$$Lambda/0x000001773b748a70
10:58:30:334  INFO 23992 --- [main] o.s.b.w.embedded.tomcat.TomcatWebServer  : Tomcat started on port(s): 8081 (http) with context path ''
10:58:30:363  INFO 23992 --- [main] c.a.c.n.registry.NacosServiceRegistry    : nacos registry, DEFAULT_GROUP item-service 192.168.80.1:8081 register finished
10:58:30:883  INFO 41716 --- [nacos-grpc-client-executor-12] com.alibaba.nacos.common.remote.client   : [a42da574-bf41-4377-8f69-f8217c5d4f85] Receive server push request, request = NotifySubscriberRequest, requestId = 75
10:58:30:892  INFO 23992 --- [nacos-grpc-client-executor-8] com.alibaba.nacos.common.remote.client   : [081aea4e-e868-47cd-996a-6cec7894e0ce] Receive server push request, request = NotifySubscriberRequest, requestId = 74
10:58:30:894  INFO 23992 --- [nacos-grpc-client-executor-8] com.alibaba.nacos.common.remote.client   : [081aea4e-e868-47cd-996a-6cec7894e0ce] Ack server push request, request = NotifySubscriberRequest, requestId = 74
10:58:30:894  INFO 41716 --- [nacos-grpc-client-executor-12] com.alibaba.nacos.common.remote.client   : [a42da574-bf41-4377-8f69-f8217c5d4f85] Ack server push request, request = NotifySubscriberRequest, requestId = 75
10:58:31:374  INFO 23992 --- [main] o.s.cloud.commons.util.InetUtils         : Cannot determine local hostname
10:58:31:374  INFO 23992 --- [main] d.s.w.p.DocumentationPluginsBootstrapper : Documentation plugins bootstrapped
10:58:31:377  INFO 23992 --- [main] d.s.w.p.DocumentationPluginsBootstrapper : Found 1 custom documentation plugin(s)
10:58:31:395  INFO 23992 --- [main] s.d.s.w.s.ApiListingReferenceScanner     : Scanning for api listing references
10:58:31:477  INFO 23992 --- [main] com.heima.item.ItemApplication           : Started ItemApplication in 7.015 seconds (JVM running for 7.466)
11:15:42:766  WARN 23992 --- [Thread-7] c.a.n.common.http.HttpClientBeanHolder   : [HttpClientBeanHolder] Start destroying common HttpClient
11:15:42:766  WARN 23992 --- [Thread-4] c.a.nacos.common.notify.NotifyCenter     : [NotifyCenter] Start destroying Publisher
11:15:42:767  WARN 23992 --- [Thread-4] c.a.nacos.common.notify.NotifyCenter     : [NotifyCenter] Destruction of the end
11:15:42:767  WARN 23992 --- [Thread-7] c.a.n.common.http.HttpClientBeanHolder   : [HttpClientBeanHolder] Destruction of the end
11:15:42:772  WARN 41716 --- [Thread-4] c.a.nacos.common.notify.NotifyCenter     : [NotifyCenter] Start destroying Publisher
11:15:42:773  WARN 41716 --- [Thread-7] c.a.n.common.http.HttpClientBeanHolder   : [HttpClientBeanHolder] Start destroying common HttpClient
11:15:42:773  WARN 41716 --- [Thread-4] c.a.nacos.common.notify.NotifyCenter     : [NotifyCenter] Destruction of the end
11:15:42:774  WARN 41716 --- [Thread-7] c.a.n.common.http.HttpClientBeanHolder   : [HttpClientBeanHolder] Destruction of the end
11:15:42:811  INFO 23992 --- [SpringApplicationShutdownHook] c.a.c.n.registry.NacosServiceRegistry    : De-registering from Nacos Server now...
11:15:42:818  INFO 41716 --- [SpringApplicationShutdownHook] c.a.c.n.registry.NacosServiceRegistry    : De-registering from Nacos Server now...
11:15:42:835  INFO 23992 --- [SpringApplicationShutdownHook] c.a.c.n.registry.NacosServiceRegistry    : De-registration finished.
11:15:42:842  INFO 41716 --- [SpringApplicationShutdownHook] c.a.c.n.registry.NacosServiceRegistry    : De-registration finished.
11:15:43:163  INFO 23992 --- [SpringApplicationShutdownHook] com.alibaba.nacos.common.remote.client   : Shutdown rpc client, set status to shutdown
11:15:43:163  INFO 41716 --- [SpringApplicationShutdownHook] com.alibaba.nacos.common.remote.client   : Shutdown rpc client, set status to shutdown
11:15:43:170  INFO 23992 --- [SpringApplicationShutdownHook] com.alibaba.nacos.common.remote.client   : Shutdown client event executor java.util.concurrent.ScheduledThreadPoolExecutor@45dc7be[Running, pool size = 2, active threads = 2, queued tasks = 0, completed tasks = 0]
11:15:43:170  INFO 41716 --- [SpringApplicationShutdownHook] com.alibaba.nacos.common.remote.client   : Shutdown client event executor java.util.concurrent.ScheduledThreadPoolExecutor@12266084[Running, pool size = 2, active threads = 2, queued tasks = 0, completed tasks = 0]
11:15:43:170  INFO 41716 --- [SpringApplicationShutdownHook] com.alibaba.nacos.common.remote.client   : Close current connection 1762311500609_222.244.139.219_36004
11:15:43:170  INFO 23992 --- [SpringApplicationShutdownHook] com.alibaba.nacos.common.remote.client   : Close current connection 1762311510233_222.244.139.219_36005
11:15:43:176  INFO 41716 --- [SpringApplicationShutdownHook] c.a.n.c.remote.client.grpc.GrpcClient    : Shutdown grpc executor java.util.concurrent.ThreadPoolExecutor@3a5ce4b8[Running, pool size = 5, active threads = 0, queued tasks = 0, completed tasks = 237]
11:15:43:176  INFO 23992 --- [SpringApplicationShutdownHook] c.a.n.c.remote.client.grpc.GrpcClient    : Shutdown grpc executor java.util.concurrent.ThreadPoolExecutor@77a9ac36[Running, pool size = 3, active threads = 0, queued tasks = 0, completed tasks = 228]
11:15:50:400  INFO 34204 --- [main] com.heima.item.ItemApplication           : Starting ItemApplication using Java 21.0.8 on WangLin with PID 34204 (E:\资料\微服务\SpringCloud微服务—资料\day03-微服务01\资料\hmall\item-service\target\classes started by 20588 in E:\资料\微服务\SpringCloud微服务—资料\day03-微服务01\资料\hmall)
11:15:50:401 DEBUG 34204 --- [main] com.heima.item.ItemApplication           : Running with Spring Boot v2.7.12, Spring v5.3.27
11:15:50:402  INFO 34204 --- [main] com.heima.item.ItemApplication           : The following 1 profile is active: "local"
11:15:51:193  INFO 34204 --- [main] o.s.cloud.context.scope.GenericScope     : BeanFactory id=0f9e3e55-825f-35a8-bc51-50ab4cd718d2
11:15:51:513  INFO 34204 --- [main] o.s.b.w.embedded.tomcat.TomcatWebServer  : Tomcat initialized with port(s): 8083 (http)
11:15:51:521  INFO 34204 --- [main] o.apache.catalina.core.StandardService   : Starting service [Tomcat]
11:15:51:521  INFO 34204 --- [main] org.apache.catalina.core.StandardEngine  : Starting Servlet engine: [Apache Tomcat/9.0.75]
11:15:51:614  INFO 34204 --- [main] o.a.c.c.C.[Tomcat].[localhost].[/]       : Initializing Spring embedded WebApplicationContext
11:15:51:614  INFO 34204 --- [main] w.s.c.ServletWebServerApplicationContext : Root WebApplicationContext: initialization completed in 1175 ms
11:15:51:796  INFO 35948 --- [main] com.heima.item.ItemApplication           : Starting ItemApplication using Java 21.0.8 on WangLin with PID 35948 (E:\资料\微服务\SpringCloud微服务—资料\day03-微服务01\资料\hmall\item-service\target\classes started by 20588 in E:\资料\微服务\SpringCloud微服务—资料\day03-微服务01\资料\hmall)
11:15:51:798 DEBUG 35948 --- [main] com.heima.item.ItemApplication           : Running with Spring Boot v2.7.12, Spring v5.3.27
11:15:51:798  INFO 35948 --- [main] com.heima.item.ItemApplication           : The following 1 profile is active: "local"
11:15:52:534  INFO 35948 --- [main] o.s.cloud.context.scope.GenericScope     : BeanFactory id=0f9e3e55-825f-35a8-bc51-50ab4cd718d2
11:15:52:779  INFO 35948 --- [main] o.s.b.w.embedded.tomcat.TomcatWebServer  : Tomcat initialized with port(s): 8081 (http)
11:15:52:787  INFO 35948 --- [main] o.apache.catalina.core.StandardService   : Starting service [Tomcat]
11:15:52:788  INFO 35948 --- [main] org.apache.catalina.core.StandardEngine  : Starting Servlet engine: [Apache Tomcat/9.0.75]
11:15:52:861  INFO 35948 --- [main] o.a.c.c.C.[Tomcat].[localhost].[/]       : Initializing Spring embedded WebApplicationContext
11:15:52:861  INFO 35948 --- [main] w.s.c.ServletWebServerApplicationContext : Root WebApplicationContext: initialization completed in 1025 ms
11:15:53:348  INFO 34204 --- [main] o.s.cloud.commons.util.InetUtils         : Cannot determine local hostname
11:15:53:377  INFO 34204 --- [main] pertySourcedRequestMappingHandlerMapping : Mapped URL path [/v2/api-docs] onto method [springfox.documentation.swagger2.web.Swagger2ControllerWebMvc#getDocumentation(String, HttpServletRequest)]
11:15:54:444  INFO 34204 --- [main] o.s.cloud.commons.util.InetUtils         : Cannot determine local hostname
11:15:54:519  INFO 35948 --- [main] o.s.cloud.commons.util.InetUtils         : Cannot determine local hostname
11:15:54:541  INFO 34204 --- [main] com.alibaba.nacos.common.remote.client   : [RpcClientFactory] create a new rpc client of 52e9ee4e-0fdf-4680-88fd-72141d50f9e5
11:15:54:552  INFO 35948 --- [main] pertySourcedRequestMappingHandlerMapping : Mapped URL path [/v2/api-docs] onto method [springfox.documentation.swagger2.web.Swagger2ControllerWebMvc#getDocumentation(String, HttpServletRequest)]
11:15:54:599  INFO 34204 --- [main] org.reflections.Reflections              : Reflections took 25 ms to scan 1 urls, producing 3 keys and 6 values 
11:15:54:620  INFO 34204 --- [main] org.reflections.Reflections              : Reflections took 10 ms to scan 1 urls, producing 4 keys and 9 values 
11:15:54:628  INFO 34204 --- [main] org.reflections.Reflections              : Reflections took 6 ms to scan 1 urls, producing 3 keys and 10 values 
11:15:54:630  WARN 34204 --- [main] org.reflections.Reflections              : given scan urls are empty. set urls in the configuration
11:15:54:638  INFO 34204 --- [main] org.reflections.Reflections              : Reflections took 8 ms to scan 1 urls, producing 1 keys and 5 values 
11:15:54:650  INFO 34204 --- [main] org.reflections.Reflections              : Reflections took 11 ms to scan 1 urls, producing 1 keys and 7 values 
11:15:54:660  INFO 34204 --- [main] org.reflections.Reflections              : Reflections took 7 ms to scan 1 urls, producing 2 keys and 8 values 
11:15:54:662  WARN 34204 --- [main] org.reflections.Reflections              : given scan urls are empty. set urls in the configuration
11:15:54:662  INFO 34204 --- [main] com.alibaba.nacos.common.remote.client   : [52e9ee4e-0fdf-4680-88fd-72141d50f9e5] RpcClient init label, labels = {module=naming, source=sdk}
11:15:54:664  INFO 34204 --- [main] com.alibaba.nacos.common.remote.client   : [52e9ee4e-0fdf-4680-88fd-72141d50f9e5] RpcClient init, ServerListFactory = com.alibaba.nacos.client.naming.core.ServerListManager
11:15:54:664  INFO 34204 --- [main] com.alibaba.nacos.common.remote.client   : [52e9ee4e-0fdf-4680-88fd-72141d50f9e5] Registry connection listener to current client:com.alibaba.nacos.client.naming.remote.gprc.redo.NamingGrpcRedoService
11:15:54:664  INFO 34204 --- [main] com.alibaba.nacos.common.remote.client   : [52e9ee4e-0fdf-4680-88fd-72141d50f9e5] Register server push request handler:com.alibaba.nacos.client.naming.remote.gprc.NamingPushRequestHandler
11:15:54:665  INFO 34204 --- [main] com.alibaba.nacos.common.remote.client   : [52e9ee4e-0fdf-4680-88fd-72141d50f9e5] Try to connect to server on start up, server: {serverIp = '121.40.241.29', server main port = 8848}
11:15:55:270  INFO 34204 --- [main] com.alibaba.nacos.common.remote.client   : [52e9ee4e-0fdf-4680-88fd-72141d50f9e5] Success to connect to server [121.40.241.29:8848] on start up, connectionId = 1762312555250_58.20.30.57_36068
11:15:55:270  INFO 34204 --- [com.alibaba.nacos.client.remote.worker] com.alibaba.nacos.common.remote.client   : [52e9ee4e-0fdf-4680-88fd-72141d50f9e5] Notify connected event to listeners.
11:15:55:270  INFO 34204 --- [main] com.alibaba.nacos.common.remote.client   : [52e9ee4e-0fdf-4680-88fd-72141d50f9e5] Register server push request handler:com.alibaba.nacos.common.remote.client.RpcClient$ConnectResetRequestHandler
11:15:55:271  INFO 34204 --- [main] com.alibaba.nacos.common.remote.client   : [52e9ee4e-0fdf-4680-88fd-72141d50f9e5] Register server push request handler:com.alibaba.nacos.common.remote.client.RpcClient$$Lambda/0x0000018881749c60
11:15:55:384  INFO 34204 --- [main] o.s.b.w.embedded.tomcat.TomcatWebServer  : Tomcat started on port(s): 8083 (http) with context path ''
11:15:55:426  INFO 34204 --- [main] c.a.c.n.registry.NacosServiceRegistry    : nacos registry, DEFAULT_GROUP item-service 192.168.80.1:8083 register finished
11:15:55:620  INFO 35948 --- [main] o.s.cloud.commons.util.InetUtils         : Cannot determine local hostname
11:15:55:727  INFO 35948 --- [main] com.alibaba.nacos.common.remote.client   : [RpcClientFactory] create a new rpc client of 47810a5f-f36a-4c85-9880-d7db6f0fccdf
11:15:55:768  INFO 35948 --- [main] org.reflections.Reflections              : Reflections took 20 ms to scan 1 urls, producing 3 keys and 6 values 
11:15:55:785  INFO 35948 --- [main] org.reflections.Reflections              : Reflections took 7 ms to scan 1 urls, producing 4 keys and 9 values 
11:15:55:793  INFO 35948 --- [main] org.reflections.Reflections              : Reflections took 5 ms to scan 1 urls, producing 3 keys and 10 values 
11:15:55:794  WARN 35948 --- [main] org.reflections.Reflections              : given scan urls are empty. set urls in the configuration
11:15:55:801  INFO 35948 --- [main] org.reflections.Reflections              : Reflections took 6 ms to scan 1 urls, producing 1 keys and 5 values 
11:15:55:808  INFO 35948 --- [main] org.reflections.Reflections              : Reflections took 6 ms to scan 1 urls, producing 1 keys and 7 values 
11:15:55:815  INFO 35948 --- [main] org.reflections.Reflections              : Reflections took 6 ms to scan 1 urls, producing 2 keys and 8 values 
11:15:55:816  WARN 35948 --- [main] org.reflections.Reflections              : given scan urls are empty. set urls in the configuration
11:15:55:816  INFO 35948 --- [main] com.alibaba.nacos.common.remote.client   : [47810a5f-f36a-4c85-9880-d7db6f0fccdf] RpcClient init label, labels = {module=naming, source=sdk}
11:15:55:818  INFO 35948 --- [main] com.alibaba.nacos.common.remote.client   : [47810a5f-f36a-4c85-9880-d7db6f0fccdf] RpcClient init, ServerListFactory = com.alibaba.nacos.client.naming.core.ServerListManager
11:15:55:818  INFO 35948 --- [main] com.alibaba.nacos.common.remote.client   : [47810a5f-f36a-4c85-9880-d7db6f0fccdf] Registry connection listener to current client:com.alibaba.nacos.client.naming.remote.gprc.redo.NamingGrpcRedoService
11:15:55:819  INFO 35948 --- [main] com.alibaba.nacos.common.remote.client   : [47810a5f-f36a-4c85-9880-d7db6f0fccdf] Register server push request handler:com.alibaba.nacos.client.naming.remote.gprc.NamingPushRequestHandler
11:15:55:820  INFO 35948 --- [main] com.alibaba.nacos.common.remote.client   : [47810a5f-f36a-4c85-9880-d7db6f0fccdf] Try to connect to server on start up, server: {serverIp = '121.40.241.29', server main port = 8848}
11:15:55:860  INFO 34204 --- [nacos-grpc-client-executor-8] com.alibaba.nacos.common.remote.client   : [52e9ee4e-0fdf-4680-88fd-72141d50f9e5] Receive server push request, request = NotifySubscriberRequest, requestId = 87
11:15:55:870  INFO 34204 --- [nacos-grpc-client-executor-8] com.alibaba.nacos.common.remote.client   : [52e9ee4e-0fdf-4680-88fd-72141d50f9e5] Ack server push request, request = NotifySubscriberRequest, requestId = 87
11:15:56:430  INFO 34204 --- [main] o.s.cloud.commons.util.InetUtils         : Cannot determine local hostname
11:15:56:430  INFO 34204 --- [main] d.s.w.p.DocumentationPluginsBootstrapper : Documentation plugins bootstrapped
11:15:56:433  INFO 34204 --- [main] d.s.w.p.DocumentationPluginsBootstrapper : Found 1 custom documentation plugin(s)
11:15:56:445  INFO 35948 --- [main] com.alibaba.nacos.common.remote.client   : [47810a5f-f36a-4c85-9880-d7db6f0fccdf] Success to connect to server [121.40.241.29:8848] on start up, connectionId = 1762312556426_58.20.30.57_36069
11:15:56:445  INFO 35948 --- [com.alibaba.nacos.client.remote.worker] com.alibaba.nacos.common.remote.client   : [47810a5f-f36a-4c85-9880-d7db6f0fccdf] Notify connected event to listeners.
11:15:56:446  INFO 35948 --- [main] com.alibaba.nacos.common.remote.client   : [47810a5f-f36a-4c85-9880-d7db6f0fccdf] Register server push request handler:com.alibaba.nacos.common.remote.client.RpcClient$ConnectResetRequestHandler
11:15:56:446  INFO 35948 --- [main] com.alibaba.nacos.common.remote.client   : [47810a5f-f36a-4c85-9880-d7db6f0fccdf] Register server push request handler:com.alibaba.nacos.common.remote.client.RpcClient$$Lambda/0x0000012901749c60
11:15:56:456  INFO 34204 --- [main] s.d.s.w.s.ApiListingReferenceScanner     : Scanning for api listing references
11:15:56:524  INFO 35948 --- [main] o.s.b.w.embedded.tomcat.TomcatWebServer  : Tomcat started on port(s): 8081 (http) with context path ''
11:15:56:554  INFO 35948 --- [main] c.a.c.n.registry.NacosServiceRegistry    : nacos registry, DEFAULT_GROUP item-service 192.168.80.1:8081 register finished
11:15:56:555  INFO 34204 --- [main] com.heima.item.ItemApplication           : Started ItemApplication in 7.595 seconds (JVM running for 8.115)
11:15:57:048  INFO 34204 --- [nacos-grpc-client-executor-10] com.alibaba.nacos.common.remote.client   : [52e9ee4e-0fdf-4680-88fd-72141d50f9e5] Receive server push request, request = NotifySubscriberRequest, requestId = 88
11:15:57:056  INFO 35948 --- [nacos-grpc-client-executor-8] com.alibaba.nacos.common.remote.client   : [47810a5f-f36a-4c85-9880-d7db6f0fccdf] Receive server push request, request = NotifySubscriberRequest, requestId = 89
11:15:57:057  INFO 34204 --- [nacos-grpc-client-executor-10] com.alibaba.nacos.common.remote.client   : [52e9ee4e-0fdf-4680-88fd-72141d50f9e5] Ack server push request, request = NotifySubscriberRequest, requestId = 88
11:15:57:057  INFO 35948 --- [nacos-grpc-client-executor-8] com.alibaba.nacos.common.remote.client   : [47810a5f-f36a-4c85-9880-d7db6f0fccdf] Ack server push request, request = NotifySubscriberRequest, requestId = 89
11:15:57:559  INFO 35948 --- [main] o.s.cloud.commons.util.InetUtils         : Cannot determine local hostname
11:15:57:559  INFO 35948 --- [main] d.s.w.p.DocumentationPluginsBootstrapper : Documentation plugins bootstrapped
11:15:57:561  INFO 35948 --- [main] d.s.w.p.DocumentationPluginsBootstrapper : Found 1 custom documentation plugin(s)
11:15:57:580  INFO 35948 --- [main] s.d.s.w.s.ApiListingReferenceScanner     : Scanning for api listing references
11:15:57:663  INFO 35948 --- [main] com.heima.item.ItemApplication           : Started ItemApplication in 7.297 seconds (JVM running for 7.82)
15:06:18:322  WARN 34204 --- [Thread-4] c.a.nacos.common.notify.NotifyCenter     : [NotifyCenter] Start destroying Publisher
15:06:18:322  WARN 34204 --- [Thread-7] c.a.n.common.http.HttpClientBeanHolder   : [HttpClientBeanHolder] Start destroying common HttpClient
15:06:18:329  WARN 34204 --- [Thread-4] c.a.nacos.common.notify.NotifyCenter     : [NotifyCenter] Destruction of the end
15:06:18:332  WARN 34204 --- [Thread-7] c.a.n.common.http.HttpClientBeanHolder   : [HttpClientBeanHolder] Destruction of the end
15:06:18:329  WARN 35948 --- [Thread-4] c.a.nacos.common.notify.NotifyCenter     : [NotifyCenter] Start destroying Publisher
15:06:18:330  WARN 35948 --- [Thread-7] c.a.n.common.http.HttpClientBeanHolder   : [HttpClientBeanHolder] Start destroying common HttpClient
15:06:18:341  WARN 35948 --- [Thread-4] c.a.nacos.common.notify.NotifyCenter     : [NotifyCenter] Destruction of the end
15:06:18:349  WARN 35948 --- [Thread-7] c.a.n.common.http.HttpClientBeanHolder   : [HttpClientBeanHolder] Destruction of the end
15:06:18:445  INFO 34204 --- [SpringApplicationShutdownHook] c.a.c.n.registry.NacosServiceRegistry    : De-registering from Nacos Server now...
15:06:18:474  INFO 34204 --- [SpringApplicationShutdownHook] c.a.c.n.registry.NacosServiceRegistry    : De-registration finished.
15:06:18:477  INFO 35948 --- [SpringApplicationShutdownHook] c.a.c.n.registry.NacosServiceRegistry    : De-registering from Nacos Server now...
15:06:18:504  INFO 35948 --- [SpringApplicationShutdownHook] c.a.c.n.registry.NacosServiceRegistry    : De-registration finished.
15:06:18:800  INFO 34204 --- [SpringApplicationShutdownHook] com.alibaba.nacos.common.remote.client   : Shutdown rpc client, set status to shutdown
15:06:18:800  INFO 34204 --- [SpringApplicationShutdownHook] com.alibaba.nacos.common.remote.client   : Shutdown client event executor java.util.concurrent.ScheduledThreadPoolExecutor@2d459bda[Running, pool size = 2, active threads = 2, queued tasks = 0, completed tasks = 0]
15:06:18:800  INFO 34204 --- [SpringApplicationShutdownHook] com.alibaba.nacos.common.remote.client   : Close current connection 1762312555250_58.20.30.57_36068
15:06:18:810  INFO 34204 --- [SpringApplicationShutdownHook] c.a.n.c.remote.client.grpc.GrpcClient    : Shutdown grpc executor java.util.concurrent.ThreadPoolExecutor@3c743d40[Running, pool size = 4, active threads = 0, queued tasks = 0, completed tasks = 2775]
15:06:18:831  INFO 35948 --- [SpringApplicationShutdownHook] com.alibaba.nacos.common.remote.client   : Shutdown rpc client, set status to shutdown
15:06:18:832  INFO 35948 --- [SpringApplicationShutdownHook] com.alibaba.nacos.common.remote.client   : Shutdown client event executor java.util.concurrent.ScheduledThreadPoolExecutor@2d459bda[Running, pool size = 2, active threads = 2, queued tasks = 0, completed tasks = 0]
15:06:18:832  INFO 35948 --- [SpringApplicationShutdownHook] com.alibaba.nacos.common.remote.client   : Close current connection 1762312556426_58.20.30.57_36069
15:06:18:839  INFO 35948 --- [SpringApplicationShutdownHook] c.a.n.c.remote.client.grpc.GrpcClient    : Shutdown grpc executor java.util.concurrent.ThreadPoolExecutor@3c743d40[Running, pool size = 4, active threads = 0, queued tasks = 0, completed tasks = 2777]
15:27:55:917  INFO 31216 --- [main] com.heima.item.ItemApplication           : Starting ItemApplication using Java 21.0.8 on WangLin with PID 31216 (E:\资料\微服务\SpringCloud微服务—资料\day03-微服务01\资料\hmall\item-service\target\classes started by 20588 in E:\资料\微服务\SpringCloud微服务—资料\day03-微服务01\资料\hmall)
15:27:55:920 DEBUG 31216 --- [main] com.heima.item.ItemApplication           : Running with Spring Boot v2.7.12, Spring v5.3.27
15:27:55:921  INFO 31216 --- [main] com.heima.item.ItemApplication           : The following 1 profile is active: "local"
15:27:56:863  INFO 31216 --- [main] o.s.cloud.context.scope.GenericScope     : BeanFactory id=0f9e3e55-825f-35a8-bc51-50ab4cd718d2
15:27:57:215  INFO 31216 --- [main] o.s.b.w.embedded.tomcat.TomcatWebServer  : Tomcat initialized with port(s): 8083 (http)
15:27:57:226  INFO 31216 --- [main] o.apache.catalina.core.StandardService   : Starting service [Tomcat]
15:27:57:226  INFO 31216 --- [main] org.apache.catalina.core.StandardEngine  : Starting Servlet engine: [Apache Tomcat/9.0.75]
15:27:57:353  INFO 31216 --- [main] o.a.c.c.C.[Tomcat].[localhost].[/]       : Initializing Spring embedded WebApplicationContext
15:27:57:353  INFO 31216 --- [main] w.s.c.ServletWebServerApplicationContext : Root WebApplicationContext: initialization completed in 1389 ms
15:27:59:455  INFO 31216 --- [main] o.s.cloud.commons.util.InetUtils         : Cannot determine local hostname
15:27:59:506  INFO 31216 --- [main] pertySourcedRequestMappingHandlerMapping : Mapped URL path [/v2/api-docs] onto method [springfox.documentation.swagger2.web.Swagger2ControllerWebMvc#getDocumentation(String, HttpServletRequest)]
15:28:00:601  INFO 31216 --- [main] o.s.cloud.commons.util.InetUtils         : Cannot determine local hostname
15:28:00:732  INFO 31216 --- [main] com.alibaba.nacos.common.remote.client   : [RpcClientFactory] create a new rpc client of 11b9b9f9-39ad-4859-80df-6d170452b438
15:28:00:785  INFO 31216 --- [main] org.reflections.Reflections              : Reflections took 27 ms to scan 1 urls, producing 3 keys and 6 values 
15:28:00:810  INFO 31216 --- [main] org.reflections.Reflections              : Reflections took 10 ms to scan 1 urls, producing 4 keys and 9 values 
15:28:00:822  INFO 31216 --- [main] org.reflections.Reflections              : Reflections took 8 ms to scan 1 urls, producing 3 keys and 10 values 
15:28:00:824  WARN 31216 --- [main] org.reflections.Reflections              : given scan urls are empty. set urls in the configuration
15:28:00:832  INFO 31216 --- [main] org.reflections.Reflections              : Reflections took 8 ms to scan 1 urls, producing 1 keys and 5 values 
15:28:00:841  INFO 31216 --- [main] org.reflections.Reflections              : Reflections took 7 ms to scan 1 urls, producing 1 keys and 7 values 
15:28:00:849  INFO 31216 --- [main] org.reflections.Reflections              : Reflections took 6 ms to scan 1 urls, producing 2 keys and 8 values 
15:28:00:851  WARN 31216 --- [main] org.reflections.Reflections              : given scan urls are empty. set urls in the configuration
15:28:00:852  INFO 31216 --- [main] com.alibaba.nacos.common.remote.client   : [11b9b9f9-39ad-4859-80df-6d170452b438] RpcClient init label, labels = {module=naming, source=sdk}
15:28:00:853  INFO 31216 --- [main] com.alibaba.nacos.common.remote.client   : [11b9b9f9-39ad-4859-80df-6d170452b438] RpcClient init, ServerListFactory = com.alibaba.nacos.client.naming.core.ServerListManager
15:28:00:853  INFO 31216 --- [main] com.alibaba.nacos.common.remote.client   : [11b9b9f9-39ad-4859-80df-6d170452b438] Registry connection listener to current client:com.alibaba.nacos.client.naming.remote.gprc.redo.NamingGrpcRedoService
15:28:00:854  INFO 31216 --- [main] com.alibaba.nacos.common.remote.client   : [11b9b9f9-39ad-4859-80df-6d170452b438] Register server push request handler:com.alibaba.nacos.client.naming.remote.gprc.NamingPushRequestHandler
15:28:00:855  INFO 31216 --- [main] com.alibaba.nacos.common.remote.client   : [11b9b9f9-39ad-4859-80df-6d170452b438] Try to connect to server on start up, server: {serverIp = '121.40.241.29', server main port = 8848}
15:28:01:643  INFO 31216 --- [main] com.alibaba.nacos.common.remote.client   : [11b9b9f9-39ad-4859-80df-6d170452b438] Success to connect to server [121.40.241.29:8848] on start up, connectionId = 1762327681630_222.244.139.219_36062
15:28:01:643  INFO 31216 --- [com.alibaba.nacos.client.remote.worker] com.alibaba.nacos.common.remote.client   : [11b9b9f9-39ad-4859-80df-6d170452b438] Notify connected event to listeners.
15:28:01:644  INFO 31216 --- [main] com.alibaba.nacos.common.remote.client   : [11b9b9f9-39ad-4859-80df-6d170452b438] Register server push request handler:com.alibaba.nacos.common.remote.client.RpcClient$ConnectResetRequestHandler
15:28:01:644  INFO 31216 --- [main] com.alibaba.nacos.common.remote.client   : [11b9b9f9-39ad-4859-80df-6d170452b438] Register server push request handler:com.alibaba.nacos.common.remote.client.RpcClient$$Lambda/0x000001fa5574a258
15:28:01:737  INFO 31216 --- [main] o.s.b.w.embedded.tomcat.TomcatWebServer  : Tomcat started on port(s): 8083 (http) with context path ''
15:28:01:775  INFO 31216 --- [main] c.a.c.n.registry.NacosServiceRegistry    : nacos registry, DEFAULT_GROUP item-service 192.168.80.1:8083 register finished
15:28:02:280  INFO 31216 --- [nacos-grpc-client-executor-10] com.alibaba.nacos.common.remote.client   : [11b9b9f9-39ad-4859-80df-6d170452b438] Receive server push request, request = NotifySubscriberRequest, requestId = 97
15:28:02:297  INFO 31216 --- [nacos-grpc-client-executor-10] com.alibaba.nacos.common.remote.client   : [11b9b9f9-39ad-4859-80df-6d170452b438] Ack server push request, request = NotifySubscriberRequest, requestId = 97
15:28:02:790  INFO 31216 --- [main] o.s.cloud.commons.util.InetUtils         : Cannot determine local hostname
15:28:02:791  INFO 31216 --- [main] d.s.w.p.DocumentationPluginsBootstrapper : Documentation plugins bootstrapped
15:28:02:795  INFO 31216 --- [main] d.s.w.p.DocumentationPluginsBootstrapper : Found 1 custom documentation plugin(s)
15:28:02:830  INFO 31216 --- [main] s.d.s.w.s.ApiListingReferenceScanner     : Scanning for api listing references
15:28:02:961  INFO 31216 --- [main] com.heima.item.ItemApplication           : Started ItemApplication in 8.616 seconds (JVM running for 9.257)
15:28:05:903  INFO 5112 --- [main] com.heima.item.ItemApplication           : Starting ItemApplication using Java 21.0.8 on WangLin with PID 5112 (E:\资料\微服务\SpringCloud微服务—资料\day03-微服务01\资料\hmall\item-service\target\classes started by 20588 in E:\资料\微服务\SpringCloud微服务—资料\day03-微服务01\资料\hmall)
15:28:05:907 DEBUG 5112 --- [main] com.heima.item.ItemApplication           : Running with Spring Boot v2.7.12, Spring v5.3.27
15:28:05:908  INFO 5112 --- [main] com.heima.item.ItemApplication           : The following 1 profile is active: "local"
15:28:06:798  INFO 5112 --- [main] o.s.cloud.context.scope.GenericScope     : BeanFactory id=0f9e3e55-825f-35a8-bc51-50ab4cd718d2
15:28:07:034  INFO 5112 --- [main] o.s.b.w.embedded.tomcat.TomcatWebServer  : Tomcat initialized with port(s): 8081 (http)
15:28:07:040  INFO 5112 --- [main] o.apache.catalina.core.StandardService   : Starting service [Tomcat]
15:28:07:040  INFO 5112 --- [main] org.apache.catalina.core.StandardEngine  : Starting Servlet engine: [Apache Tomcat/9.0.75]
15:28:07:113  INFO 5112 --- [main] o.a.c.c.C.[Tomcat].[localhost].[/]       : Initializing Spring embedded WebApplicationContext
15:28:07:114  INFO 5112 --- [main] w.s.c.ServletWebServerApplicationContext : Root WebApplicationContext: initialization completed in 1049 ms
15:28:08:717  INFO 5112 --- [main] o.s.cloud.commons.util.InetUtils         : Cannot determine local hostname
15:28:08:745  INFO 5112 --- [main] pertySourcedRequestMappingHandlerMapping : Mapped URL path [/v2/api-docs] onto method [springfox.documentation.swagger2.web.Swagger2ControllerWebMvc#getDocumentation(String, HttpServletRequest)]
15:28:09:832  INFO 5112 --- [main] o.s.cloud.commons.util.InetUtils         : Cannot determine local hostname
15:28:09:939  INFO 5112 --- [main] com.alibaba.nacos.common.remote.client   : [RpcClientFactory] create a new rpc client of 7a9a7362-9965-4b5e-a0c7-bb2a9aa5969b
15:28:09:982  INFO 5112 --- [main] org.reflections.Reflections              : Reflections took 21 ms to scan 1 urls, producing 3 keys and 6 values 
15:28:10:003  INFO 5112 --- [main] org.reflections.Reflections              : Reflections took 7 ms to scan 1 urls, producing 4 keys and 9 values 
15:28:10:011  INFO 5112 --- [main] org.reflections.Reflections              : Reflections took 6 ms to scan 1 urls, producing 3 keys and 10 values 
15:28:10:012  WARN 5112 --- [main] org.reflections.Reflections              : given scan urls are empty. set urls in the configuration
15:28:10:019  INFO 5112 --- [main] org.reflections.Reflections              : Reflections took 7 ms to scan 1 urls, producing 1 keys and 5 values 
15:28:10:027  INFO 5112 --- [main] org.reflections.Reflections              : Reflections took 7 ms to scan 1 urls, producing 1 keys and 7 values 
15:28:10:035  INFO 5112 --- [main] org.reflections.Reflections              : Reflections took 6 ms to scan 1 urls, producing 2 keys and 8 values 
15:28:10:036  WARN 5112 --- [main] org.reflections.Reflections              : given scan urls are empty. set urls in the configuration
15:28:10:037  INFO 5112 --- [main] com.alibaba.nacos.common.remote.client   : [7a9a7362-9965-4b5e-a0c7-bb2a9aa5969b] RpcClient init label, labels = {module=naming, source=sdk}
15:28:10:038  INFO 5112 --- [main] com.alibaba.nacos.common.remote.client   : [7a9a7362-9965-4b5e-a0c7-bb2a9aa5969b] RpcClient init, ServerListFactory = com.alibaba.nacos.client.naming.core.ServerListManager
15:28:10:038  INFO 5112 --- [main] com.alibaba.nacos.common.remote.client   : [7a9a7362-9965-4b5e-a0c7-bb2a9aa5969b] Registry connection listener to current client:com.alibaba.nacos.client.naming.remote.gprc.redo.NamingGrpcRedoService
15:28:10:039  INFO 5112 --- [main] com.alibaba.nacos.common.remote.client   : [7a9a7362-9965-4b5e-a0c7-bb2a9aa5969b] Register server push request handler:com.alibaba.nacos.client.naming.remote.gprc.NamingPushRequestHandler
15:28:10:041  INFO 5112 --- [main] com.alibaba.nacos.common.remote.client   : [7a9a7362-9965-4b5e-a0c7-bb2a9aa5969b] Try to connect to server on start up, server: {serverIp = '121.40.241.29', server main port = 8848}
15:28:10:657  INFO 5112 --- [main] com.alibaba.nacos.common.remote.client   : [7a9a7362-9965-4b5e-a0c7-bb2a9aa5969b] Success to connect to server [121.40.241.29:8848] on start up, connectionId = 1762327690654_222.244.139.219_36065
15:28:10:657  INFO 5112 --- [com.alibaba.nacos.client.remote.worker] com.alibaba.nacos.common.remote.client   : [7a9a7362-9965-4b5e-a0c7-bb2a9aa5969b] Notify connected event to listeners.
15:28:10:658  INFO 5112 --- [main] com.alibaba.nacos.common.remote.client   : [7a9a7362-9965-4b5e-a0c7-bb2a9aa5969b] Register server push request handler:com.alibaba.nacos.common.remote.client.RpcClient$ConnectResetRequestHandler
15:28:10:658  INFO 5112 --- [main] com.alibaba.nacos.common.remote.client   : [7a9a7362-9965-4b5e-a0c7-bb2a9aa5969b] Register server push request handler:com.alibaba.nacos.common.remote.client.RpcClient$$Lambda/0x000002033571a258
15:28:10:739  INFO 5112 --- [main] o.s.b.w.embedded.tomcat.TomcatWebServer  : Tomcat started on port(s): 8081 (http) with context path ''
15:28:10:769  INFO 5112 --- [main] c.a.c.n.registry.NacosServiceRegistry    : nacos registry, DEFAULT_GROUP item-service 192.168.80.1:8081 register finished
15:28:11:273  INFO 31216 --- [nacos-grpc-client-executor-13] com.alibaba.nacos.common.remote.client   : [11b9b9f9-39ad-4859-80df-6d170452b438] Receive server push request, request = NotifySubscriberRequest, requestId = 100
15:28:11:281  INFO 5112 --- [nacos-grpc-client-executor-8] com.alibaba.nacos.common.remote.client   : [7a9a7362-9965-4b5e-a0c7-bb2a9aa5969b] Receive server push request, request = NotifySubscriberRequest, requestId = 101
15:28:11:285  INFO 5112 --- [nacos-grpc-client-executor-8] com.alibaba.nacos.common.remote.client   : [7a9a7362-9965-4b5e-a0c7-bb2a9aa5969b] Ack server push request, request = NotifySubscriberRequest, requestId = 101
15:28:11:285  INFO 31216 --- [nacos-grpc-client-executor-13] com.alibaba.nacos.common.remote.client   : [11b9b9f9-39ad-4859-80df-6d170452b438] Ack server push request, request = NotifySubscriberRequest, requestId = 100
15:28:11:785  INFO 5112 --- [main] o.s.cloud.commons.util.InetUtils         : Cannot determine local hostname
15:28:11:785  INFO 5112 --- [main] d.s.w.p.DocumentationPluginsBootstrapper : Documentation plugins bootstrapped
15:28:11:787  INFO 5112 --- [main] d.s.w.p.DocumentationPluginsBootstrapper : Found 1 custom documentation plugin(s)
15:28:11:807  INFO 5112 --- [main] s.d.s.w.s.ApiListingReferenceScanner     : Scanning for api listing references
15:28:11:900  INFO 5112 --- [main] com.heima.item.ItemApplication           : Started ItemApplication in 7.518 seconds (JVM running for 8.061)
